Nov 16, 2024 11:14:59 AM NewsAPI_Parser.Parser parse
WARNING: title: Bhutan Cashes out $33.5B in Bitcoin, Still Holds $1.11B in BTC
null
at: Fri Nov 15 00:17:56 PST 2024
url: https://consent.yahoo.com/v2/collectConsent?sessionId=1_cc-session_9fafe6df-c322-44ad-a91e-12a1efde301b
Nov 16, 2024 1:46:51 PM NewsAPI_Parser.Parser parse
WARNING: title: Bhutan Cashes out $33.5B in Bitcoin, Still Holds $1.11B in BTC
null
at: Fri Nov 15 00:17:56 PST 2024
url: https://consent.yahoo.com/v2/collectConsent?sessionId=1_cc-session_9fafe6df-c322-44ad-a91e-12a1efde301b
Nov 16, 2024 1:48:02 PM NewsAPI_Parser.Parser parse
WARNING: title: Bhutan Cashes out $33.5B in Bitcoin, Still Holds $1.11B in BTC
null
at: Fri Nov 15 00:17:56 PST 2024
url: https://consent.yahoo.com/v2/collectConsent?sessionId=1_cc-session_9fafe6df-c322-44ad-a91e-12a1efde301b
Nov 16, 2024 1:48:25 PM NewsAPI_Parser.Parser parse
WARNING: title: Bhutan Cashes out $33.5B in Bitcoin, Still Holds $1.11B in BTC
null
at: Fri Nov 15 00:17:56 PST 2024
url: https://consent.yahoo.com/v2/collectConsent?sessionId=1_cc-session_9fafe6df-c322-44ad-a91e-12a1efde301b
